INFO [2023-12-20 14:33:54] $x
INFO [2023-12-20 14:33:54] list(set5, set6)
INFO [2023-12-20 14:33:54] 
INFO [2023-12-20 14:33:54] $category.names
INFO [2023-12-20 14:33:54] c("Rolling Stones Top 100", "Spotify Top Groups 2023")
INFO [2023-12-20 14:33:54] 
INFO [2023-12-20 14:33:54] $filename
INFO [2023-12-20 14:33:54] [1] "venn_diagramm_groups.png"
INFO [2023-12-20 14:33:54] 
INFO [2023-12-20 14:33:54] $output
INFO [2023-12-20 14:33:54] [1] TRUE
INFO [2023-12-20 14:33:54] 
INFO [2023-12-20 14:33:54] $col
INFO [2023-12-20 14:33:54] c("#F8766D", "#00BFC4")
INFO [2023-12-20 14:33:54] 
INFO [2023-12-20 14:33:54] $fill
INFO [2023-12-20 14:33:54] c(alpha("#F8766D", 0.3), alpha("#00BFC4", 0.3))
INFO [2023-12-20 14:33:54] 
INFO [2023-12-20 14:33:54] $fontfamily
INFO [2023-12-20 14:33:54] [1] "arial"
INFO [2023-12-20 14:33:54] 
INFO [2023-12-20 14:33:54] $imagetype
INFO [2023-12-20 14:33:54] [1] "png"
INFO [2023-12-20 14:33:54] 
INFO [2023-12-20 14:33:54] $height
INFO [2023-12-20 14:33:54] [1] 2000
INFO [2023-12-20 14:33:54] 
INFO [2023-12-20 14:33:54] $width
INFO [2023-12-20 14:33:54] [1] 2000
INFO [2023-12-20 14:33:54] 
INFO [2023-12-20 14:33:54] $resolution
INFO [2023-12-20 14:33:54] [1] 300
INFO [2023-12-20 14:33:54] 
INFO [2023-12-20 14:33:54] $cat.pos
INFO [2023-12-20 14:33:54] c(-14, 13.5)
INFO [2023-12-20 14:33:54] 
INFO [2023-12-20 14:33:54] $cat.cex
INFO [2023-12-20 14:33:54] [1] 1
INFO [2023-12-20 14:33:54] 
INFO [2023-12-20 14:33:54] $cat.col
INFO [2023-12-20 14:33:54] c("#F8766D", "#00BFC4")
INFO [2023-12-20 14:33:54] 
INFO [2023-12-20 14:33:54] $cat.fontface
INFO [2023-12-20 14:33:54] [1] "bold"
INFO [2023-12-20 14:33:54] 
INFO [2023-12-20 14:33:54] $cat.fontfamily
INFO [2023-12-20 14:33:54] [1] "arial"
INFO [2023-12-20 14:33:54] 
INFO [2023-12-20 14:33:54] $main
INFO [2023-12-20 14:33:54] [1] "Intersection of Top Groups: Rolling Stones Top 100 and Spotify 2023"
INFO [2023-12-20 14:33:54] 
INFO [2023-12-20 14:33:54] $main.cex
INFO [2023-12-20 14:33:54] [1] 1.2
INFO [2023-12-20 14:33:54] 
INFO [2023-12-20 14:33:54] $main.fontfamily
INFO [2023-12-20 14:33:54] [1] "arial"
INFO [2023-12-20 14:33:54] 
